<?xml version="1.0" encoding="UTF-8" standalone="no"?>
<!DOCTYPE log SYSTEM "logger.dtd">
<log>
<record>
  <date>2023-06-02T13:07:21</date>
  <millis>1685691441144</millis>
  <sequence>4</sequence>
  <logger>in.easydata.Logging_GFG</logger>
  <level>FINER</level>
  <class>in.easydata.Logging_GFG</class>
  <method>main</method>
  <thread>1</thread>
  <message>RETURN Java is Platform Independent</message>
</record>
<record>
  <date>2023-06-02T13:07:21</date>
  <millis>1685691441145</millis>
  <sequence>5</sequence>
  <logger>in.easydata.Logging_GFG</logger>
  <level>WARNING</level>
  <class>in.easydata.Logging_GFG</class>
  <method>main</method>
  <thread>1</thread>
  <message>This is a warning!</message>
</record>
</log>
